#
# A fatal error has been detected by the Java Runtime Environment:
#
#  EXCEPTION_ACCESS_VIOLATION (0xc0000005) at pc=0x000000006f15186a, pid=3136, tid=4200
#
# JRE version: 6.0_17-b04
# Java VM: Java HotSpot(TM) 64-Bit Server VM (14.3-b01 mixed mode windows-amd64 )
# Problematic frame:
# C  0x000000006f15186a
#
# If you would like to submit a bug report, please visit:
#   http://java.sun.com/webapps/bugreport/crash.jsp
# The crash happened outside the Java Virtual Machine in native code.
# See problematic frame for where to report the bug.
#

---------------  T H R E A D  ---------------

Current thread (0x000000006e87e000):  JavaThread "Main message loop" daemon [_thread_in_native, id=4200, stack(0x0000000140030000,0x0000000144030000)]

siginfo: ExceptionCode=0xc0000005, reading address 0x0000000000000000

Registers:
EAX=0x00000000707a97f8, EBX=0x000000006d314588, ECX=0x0000000000000000, EDX=0x00000593004e0002
ESP=0x000000014401e450, EBP=0x0000000080040104, ESI=0x0000000144026258, EDI=0x00000000707ae6b8
EIP=0x000000006f15186a, EFLAGS=0x0000000000010297

Top of Stack: (sp=0x000000014401e450)
0x000000014401e450:   000000006d314588 0000000080040104
0x000000014401e460:   000000006d314588 00000000707ae6b8
0x000000014401e470:   0000000000000030 00000000706cbbd0
0x000000014401e480:   0000000031fbeb70 0000000040a31748
0x000000014401e490:   0000000000000000 0000000040a2f640
0x000000014401e4a0:   000000014401e4a0 0000000031fa4018
0x000000014401e4b0:   000000014401e4f0 000000003204cee8
0x000000014401e4c0:   00000000330338c8 0000000031fa4028
0x000000014401e4d0:   000000014401e548 000000002b6b5f9c
0x000000014401e4e0:   0000000032197f20 000000002b6b5f9c
0x000000014401e4f0:   0000000080040104 0000000000000000
0x000000014401e500:   0000000040a31698 000000014401e508
0x000000014401e510:   0000000031fa41b7 000000014401e570
0x000000014401e520:   000000003204cee8 0000000000000000
0x000000014401e530:   0000000031fa41c8 0000000000000000
0x000000014401e540:   000000014401e5a8 000000002b6b59f3 

Instructions: (pc=0x000000006f15186a)
0x000000006f15185a:   83 c0 08 83 38 02 7f 0d 48 8b 8c 24 90 7d 00 00
0x000000006f15186a:   48 8b 01 eb 66 83 38 03 75 0e 48 8b 8c 24 90 7d 


Stack: [0x0000000140030000,0x0000000144030000],  sp=0x000000014401e450,  free space=65465k
Native frames: (J=compiled Java code, j=interpreted, Vv=VM code, C=native code)
C  0x000000006f15186a

Java frames: (J=compiled Java code, j=interpreted, Vv=VM code)
j  com.jniwrapper.Function.invokeCFunc(JJB[BII[II)I+0
J  com.jniwrapper.FunctionCall.a(ZJJJIBLcom/jniwrapper/Parameter;[Lcom/jniwrapper/Parameter;)J
j  com.jniwrapper.FunctionCall.call(JJBLcom/jniwrapper/Parameter;[Lcom/jniwrapper/Parameter;)J+11
j  com.jniwrapper.Function.invoke(Lcom/jniwrapper/Parameter;[Lcom/jniwrapper/Parameter;)J+24
j  com.jniwrapper.Function.invoke(Lcom/jniwrapper/Parameter;Lcom/jniwrapper/Parameter;)J+10
j  com.jniwrapper.win32.MessageLoopThread$LoopThread.run()V+299
v  ~StubRoutines::call_stub

---------------  P R O C E S S  ---------------

Java Threads: ( => current thread )
  0x000000006e879800 JavaThread "Browser Events Thread" daemon [_thread_blocked, id=5596, stack(0x0000000178030000,0x000000017c030000)]
=>0x000000006e87e000 JavaThread "Main message loop" daemon [_thread_in_native, id=4200, stack(0x0000000140030000,0x0000000144030000)]
  0x000000006e877800 JavaThread "Timer-2" daemon [_thread_blocked, id=4744, stack(0x000000014c030000,0x0000000150030000)]
  0x000000006e87b000 JavaThread "com.jniwrapper.NativeResourceCollector" daemon [_thread_blocked, id=3796, stack(0x0000000144030000,0x0000000148030000)]
  0x000000007c338800 JavaThread "Code Analyzer updating thread" [_thread_blocked, id=3140, stack(0x0000000134fd0000,0x0000000138fd0000)]
  0x000000007c337800 JavaThread "Code Analyzer updating thread" [_thread_blocked, id=4708, stack(0x0000000130fd0000,0x0000000134fd0000)]
  0x000000007c337000 JavaThread "Code Analyzer updating thread" [_thread_blocked, id=3940, stack(0x000000012cfd0000,0x0000000130fd0000)]
  0x000000007c336000 JavaThread "Code Analyzer updating thread" [_thread_blocked, id=1520, stack(0x0000000128fd0000,0x000000012cfd0000)]
  0x000000007c335800 JavaThread "Code Analyzer updating thread" [_thread_blocked, id=4560, stack(0x0000000124fd0000,0x0000000128fd0000)]
  0x000000007c334800 JavaThread "Code Analyzer updating thread" [_thread_blocked, id=4704, stack(0x0000000120fd0000,0x0000000124fd0000)]
  0x000000007c334000 JavaThread "Code Analyzer updating thread" [_thread_blocked, id=4528, stack(0x000000011cfd0000,0x0000000120fd0000)]
  0x000000007c333800 JavaThread "Code Analyzer updating thread" [_thread_blocked, id=4588, stack(0x0000000118fd0000,0x000000011cfd0000)]
  0x000000007c332800 JavaThread "Code Analyzer updating thread" [_thread_blocked, id=4480, stack(0x0000000114fd0000,0x0000000118fd0000)]
  0x000000007c332000 JavaThread "Code Analyzer updating thread" [_thread_blocked, id=4516, stack(0x0000000110fd0000,0x0000000114fd0000)]
  0x000000007c331000 JavaThread "Code Analyzer updating thread" [_thread_blocked, id=3964, stack(0x000000010cfd0000,0x0000000110fd0000)]
  0x000000006e46c800 JavaThread "Code Analyzer updating thread" [_thread_blocked, id=4576, stack(0x0000000108fd0000,0x000000010cfd0000)]
  0x000000006e46b800 JavaThread "Code Analyzer updating thread" [_thread_blocked, id=4768, stack(0x0000000104fd0000,0x0000000108fd0000)]
  0x000000006e46b000 JavaThread "Code Analyzer updating thread" [_thread_blocked, id=2316, stack(0x0000000100fd0000,0x0000000104fd0000)]
  0x000000006e46a000 JavaThread "Code Analyzer updating thread" [_thread_blocked, id=3800, stack(0x00000000fc000000,0x0000000100000000)]
  0x000000006e469800 JavaThread "Code Analyzer updating thread" [_thread_blocked, id=4692, stack(0x00000000f8000000,0x00000000fc000000)]
  0x000000006e469000 JavaThread "Code Analyzer updating thread" [_thread_blocked, id=4732, stack(0x00000000f4000000,0x00000000f8000000)]
  0x000000006e468000 JavaThread "Code Analyzer updating thread" [_thread_blocked, id=4468, stack(0x00000000f0000000,0x00000000f4000000)]
  0x000000006e467800 JavaThread "Active Reference Queue Daemon" daemon [_thread_blocked, id=4444, stack(0x00000000ec000000,0x00000000f0000000)]
  0x000000006e466800 JavaThread "Timer-1" daemon [_thread_blocked, id=4476, stack(0x00000000e8000000,0x00000000ec000000)]
  0x000000006e466000 JavaThread "ClipboardMonitor Timer" daemon [_thread_blocked, id=4456, stack(0x00000000e4000000,0x00000000e8000000)]
  0x000000006e465000 JavaThread "Explorer NavigationContext request queue" daemon [_thread_blocked, id=4500, stack(0x00000000e0000000,0x00000000e4000000)]
  0x000000006d5bf000 JavaThread "AddressBar directory emptiness poller" daemon [_thread_blocked, id=4436, stack(0x00000000d8000000,0x00000000dc000000)]
  0x000000006d5be000 JavaThread "Explorer Refresh Service 1385112968" daemon [_thread_blocked, id=228, stack(0x00000000d4000000,0x00000000d8000000)]
  0x000000006d5bd800 JavaThread "Thread-4" daemon [_thread_blocked, id=4100, stack(0x00000000d0000000,0x00000000d4000000)]
  0x000000006d5bc800 JavaThread "TimerQueue" daemon [_thread_blocked, id=3776, stack(0x00000000cc000000,0x00000000d0000000)]
  0x000000006d5bc000 JavaThread "Thread-3" daemon [_thread_blocked, id=3212, stack(0x00000000bc000000,0x00000000c0000000)]
  0x000000006d5bb000 JavaThread "AWT-EventQueue-0" [_thread_blocked, id=1840, stack(0x00000000b8000000,0x00000000bc000000)]
  0x000000006d5b8800 JavaThread "AWT-Shutdown" [_thread_blocked, id=1956, stack(0x000000009c000000,0x00000000a0000000)]
  0x000000006d5ba800 JavaThread "FelixPackageAdmin" daemon [_thread_blocked, id=3620, stack(0x00000000c8000000,0x00000000cc000000)]
  0x000000006d5b9800 JavaThread "FelixStartLevel" daemon [_thread_blocked, id=5024, stack(0x00000000c4000000,0x00000000c8000000)]
  0x000000006d5b9000 JavaThread "FelixDispatchQueue" daemon [_thread_blocked, id=928, stack(0x00000000c0000000,0x00000000c4000000)]
  0x000000005afaf000 JavaThread "com.google.common.base.internal.Finalizer" daemon [_thread_blocked, id=2672, stack(0x00000000a8000000,0x00000000ac000000)]
  0x000000005afae000 JavaThread "AWT-Windows" daemon [_thread_in_native, id=2948, stack(0x00000000a0000000,0x00000000a4000000)]
  0x000000006e169800 JavaThread "Java2D Disposer" daemon [_thread_blocked, id=4536, stack(0x0000000098000000,0x000000009c000000)]
  0x000000006dde6000 JavaThread "Timer-0" [_thread_blocked, id=5044, stack(0x0000000094000000,0x0000000098000000)]
  0x000000006da20000 JavaThread "EventMgr Dispatcher" daemon [_thread_in_native, id=5072, stack(0x0000000090000000,0x0000000094000000)]
  0x000000005af39000 JavaThread "Low Memory Detector" daemon [_thread_blocked, id=4664, stack(0x0000000088000000,0x000000008c000000)]
  0x000000005af32800 JavaThread "CompilerThread1" daemon [_thread_blocked, id=4484, stack(0x0000000084000000,0x0000000088000000)]
  0x000000005af2c800 JavaThread "CompilerThread0" daemon [_thread_blocked, id=4192, stack(0x0000000080000000,0x0000000084000000)]
  0x000000005af26000 JavaThread "Attach Listener" daemon [_thread_blocked, id=3916, stack(0x0000000068fa0000,0x000000006cfa0000)]
  0x000000005aec9800 JavaThread "Finalizer" daemon [_thread_blocked, id=952, stack(0x0000000064fa0000,0x0000000068fa0000)]
  0x000000005aec9000 JavaThread "Reference Handler" daemon [_thread_blocked, id=3756, stack(0x000000005efb0000,0x0000000062fb0000)]
  0x000000000667f000 JavaThread "main" [_thread_in_native, id=3132, stack(0x0000000000030000,0x0000000004030000)]

Other Threads:
  0x000000005aec4800 VMThread [stack: 0x000000005afb0000,0x000000005efb0000] [id=1464]
  0x000000005af6c800 WatcherThread [stack: 0x000000008c000000,0x0000000090000000] [id=3720]

VM state:not at safepoint (normal execution)

VM Mutex/Monitor currently owned by a thread: None

Heap
 PSYoungGen      total 42624K, used 25243K [0x000000003fa70000, 0x0000000042b70000, 0x0000000042b70000)
  eden space 35072K, 50% used [0x000000003fa70000,0x0000000040bbc500,0x0000000041cb0000)
  from space 7552K, 99% used [0x0000000041cb0000,0x000000004240a7d8,0x0000000042410000)
  to   space 7552K, 0% used [0x0000000042410000,0x0000000042410000,0x0000000042b70000)
 PSOldGen        total 130816K, used 88970K [0x0000000036770000, 0x000000003e730000, 0x000000003fa70000)
  object space 130816K, 68% used [0x0000000036770000,0x000000003be52968,0x000000003e730000)
 PSPermGen       total 120320K, used 74526K [0x000000002e770000, 0x0000000035cf0000, 0x0000000036770000)
  object space 120320K, 61% used [0x000000002e770000,0x00000000330378b0,0x0000000035cf0000)

Dynamic libraries:
0x0000000140000000 - 0x0000000140028000 	C:\Program Files\Matlab\R2013a\bin\win64\MATLAB.exe
0x0000000077190000 - 0x0000000077339000 	C:\Windows\SYSTEM32\ntdll.dll
0x0000000076f70000 - 0x0000000077090000 	C:\Windows\system32\kernel32.dll
0x000007fefd130000 - 0x000007fefd19c000 	C:\Windows\system32\KERNELBASE.dll
0x0000000074460000 - 0x0000000074515000 	C:\Program Files\Matlab\R2013a\bin\win64\libut.dll
0x00000000758a0000 - 0x000000007595f000 	C:\Program Files\Matlab\R2013a\bin\win64\libmwi18n.dll
0x0000000180000000 - 0x000000018000d000 	C:\Program Files\Matlab\R2013a\bin\win64\libmwresource_core.dll
0x000000006f5e0000 - 0x000000006f678000 	C:\Program Files\Matlab\R2013a\bin\win64\MSVCP100.dll
0x000000006f1c0000 - 0x000000006f292000 	C:\Program Files\Matlab\R2013a\bin\win64\MSVCR100.dll
0x00000000728f0000 - 0x00000000728fe000 	C:\Program Files\Matlab\R2013a\bin\win64\boost_date_time-vc100-mt-1_49.dll
0x0000000070a90000 - 0x0000000070abc000 	C:\Program Files\Matlab\R2013a\bin\win64\boost_filesystem-vc100-mt-1_49.dll
0x00000000728e0000 - 0x00000000728e9000 	C:\Program Files\Matlab\R2013a\bin\win64\boost_system-vc100-mt-1_49.dll
0x000007fefde50000 - 0x000007fefdf2b000 	C:\Windows\system32\ADVAPI32.dll
0x000007fefd670000 - 0x000007fefd70f000 	C:\Windows\system32\msvcrt.dll
0x000007fefda90000 - 0x000007fefdaaf000 	C:\Windows\SYSTEM32\sechost.dll
0x000007fefd780000 - 0x000007fefd8ad000 	C:\Windows\system32\RPCRT4.dll
0x0000000070a30000 - 0x0000000070a55000 	C:\Program Files\Matlab\R2013a\bin\win64\LIBEXPAT.dll
0x00000000708a0000 - 0x0000000070a2a000 	C:\Program Files\Matlab\R2013a\bin\win64\icuin49.dll
0x0000000064cf0000 - 0x0000000064e2e000 	C:\Program Files\Matlab\R2013a\bin\win64\icuuc49.dll
0x0000000063bc0000 - 0x0000000064ce2000 	C:\Program Files\Matlab\R2013a\bin\win64\icudt49.dll
0x0000000070890000 - 0x00000000708a0000 	C:\Program Files\Matlab\R2013a\bin\win64\icuio49.dll
0x0000000073f70000 - 0x0000000074112000 	C:\Program Files\Matlab\R2013a\bin\win64\libmwfl.dll
0x000000007a350000 - 0x000000007a737000 	C:\Program Files\Matlab\R2013a\bin\win64\libmwMATLAB_res.dll
0x0000000063ae0000 - 0x0000000063bbf000 	C:\Program Files\Matlab\R2013a\bin\win64\boost_regex-vc100-mt-1_49.dll
0x0000000077090000 - 0x000000007718a000 	C:\Windows\system32\USER32.dll
0x000007fefd710000 - 0x000007fefd777000 	C:\Windows\system32\GDI32.dll
0x000007feff310000 - 0x000007feff31e000 	C:\Windows\system32\LPK.dll
0x000007fefe110000 - 0x000007fefe1d9000 	C:\Windows\system32\USP10.dll
0x0000000070870000 - 0x0000000070881000 	C:\Program Files\Matlab\R2013a\bin\win64\boost_signals-vc100-mt-1_49.dll
0x0000000070850000 - 0x0000000070861000 	C:\Program Files\Matlab\R2013a\bin\win64\boost_thread-vc100-mt-1_49.dll
0x000007fef0c10000 - 0x000007fef0c9c000 	C:\Program Files\Matlab\R2013a\bin\win64\boost_log-vc100-mt-1_49.dll
0x0000000077360000 - 0x0000000077367000 	C:\Windows\system32\PSAPI.DLL
0x000007fefd390000 - 0x000007fefd3dd000 	C:\Windows\system32\WS2_32.dll
0x000007fefdc30000 - 0x000007fefdc38000 	C:\Windows\system32\NSI.dll
0x000007fef0cd0000 - 0x000007fef0d03000 	C:\Program Files\Matlab\R2013a\bin\win64\tbb.dll
0x000007feff3a0000 - 0x000007feff3b9000 	C:\Windows\system32\imagehlp.dll
0x000007fefb340000 - 0x000007fefb36c000 	C:\Windows\system32\POWRPROF.dll
0x000007fefdf30000 - 0x000007fefe107000 	C:\Windows\system32\SETUPAPI.dll
0x000007fefd1a0000 - 0x000007fefd1d6000 	C:\Windows\system32\CFGMGR32.dll
0x000007fefdab0000 - 0x000007fefdb87000 	C:\Windows\system32\OLEAUT32.dll
0x000007fefdc40000 - 0x000007fefde43000 	C:\Windows\system32\ole32.dll
0x000007fefd070000 - 0x000007fefd08a000 	C:\Windows\system32\DEVOBJ.dll
0x0000000004110000 - 0x0000000004131000 	C:\Program Files\Matlab\R2013a\bin\win64\libmwmfl_scalar.dll
0x000007fef9e30000 - 0x000007fef9f55000 	C:\Windows\system32\dbghelp.dll
0x0000000004340000 - 0x000000000466f000 	C:\Program Files\Matlab\R2013a\bin\win64\libmwservices.dll
0x0000000075a20000 - 0x0000000075b0b000 	C:\Program Files\Matlab\R2013a\bin\win64\libmx.dll
0x000007fef2570000 - 0x000007fef2598000 	C:\Program Files\Matlab\R2013a\bin\win64\tbbmalloc.dll
0x0000000064f80000 - 0x0000000064f97000 	C:\Program Files\Matlab\R2013a\bin\win64\zlib1.dll
0x0000000004140000 - 0x000000000418e000 	C:\Program Files\Matlab\R2013a\bin\win64\libmwregexp.dll
0x0000000075f10000 - 0x0000000075f57000 	C:\Program Files\Matlab\R2013a\bin\win64\mpath.dll
0x000000007b680000 - 0x000000007bc66000 	C:\Program Files\Matlab\R2013a\bin\win64\mlutil.dll
0x00000000754d0000 - 0x0000000075547000 	C:\Program Files\Matlab\R2013a\bin\win64\xmlcore.dll
0x0000000063890000 - 0x0000000063ad1000 	C:\Program Files\Matlab\R2013a\bin\win64\xerces-c_2_7.dll
0x00000000041a0000 - 0x00000000041c2000 	C:\Program Files\Matlab\R2013a\bin\win64\libmwMATLAB_settings_res.dll
0x000007fef24b0000 - 0x000007fef24c0000 	C:\Program Files\Matlab\R2013a\bin\win64\boost_iostreams-vc100-mt-1_49.dll
0x000007feeac80000 - 0x000007feeacc6000 	C:\Program Files\Matlab\R2013a\bin\win64\boost_serialization-vc100-mt-1_49.dll
0x000007fefe1e0000 - 0x000007fefef69000 	C:\Windows\system32\SHELL32.dll
0x000007feff420000 - 0x000007feff491000 	C:\Windows\system32\SHLWAPI.dll
0x00000000041d0000 - 0x00000000041d6000 	C:\Program Files\Matlab\R2013a\bin\win64\libmwnativedisplay.dll
0x000007feecde0000 - 0x000007feece80000 	C:\Windows\WinSxS\amd64_microsoft.windows.common-controls_6595b64144ccf1df_5.82.7601.18837_none_a4d981ff711297b6\COMCTL32.dll
0x000007fefdb90000 - 0x000007fefdc27000 	C:\Windows\system32\COMDLG32.dll
0x000007fef92c0000 - 0x000007fef92d6000 	C:\Windows\system32\NETAPI32.dll
0x000007fefc400000 - 0x000007fefc40c000 	C:\Windows\system32\netutils.dll
0x000007fefcab0000 - 0x000007fefcad3000 	C:\Windows\system32\srvcli.dll
0x000007fef92a0000 - 0x000007fef92b5000 	C:\Windows\system32\wkscli.dll
0x0000000074970000 - 0x0000000074a18000 	C:\Program Files\Matlab\R2013a\bin\win64\mcr.dll
0x0000000075000000 - 0x00000000753b1000 	C:\Program Files\Matlab\R2013a\bin\win64\iqm.dll
0x0000000074e80000 - 0x0000000074f30000 	C:\Program Files\Matlab\R2013a\bin\win64\m_dispatcher.dll
0x0000000004670000 - 0x0000000004e78000 	C:\Program Files\Matlab\R2013a\bin\win64\m_interpreter.dll
0x00000000041e0000 - 0x0000000004204000 	C:\Program Files\Matlab\R2013a\bin\win64\libmex.dll
0x0000000075430000 - 0x00000000754ab000 	C:\Program Files\Matlab\R2013a\bin\win64\profiler.dll
0x0000000004e80000 - 0x0000000005103000 	C:\Program Files\Matlab\R2013a\bin\win64\libmwmathutil.dll
0x0000000079f40000 - 0x0000000079f66000 	C:\Program Files\Matlab\R2013a\bin\win64\libmwmathrng.dll
0x0000000004210000 - 0x0000000004220000 	C:\Program Files\Matlab\R2013a\bin\win64\libmwmfl_rng.dll
0x0000000074c10000 - 0x0000000074cf8000 	C:\Program Files\Matlab\R2013a\bin\win64\libmwmathcore.dll
0x0000000076160000 - 0x00000000761c3000 	C:\Program Files\Matlab\R2013a\bin\win64\libmwspmatrix.dll
0x000000007b0a0000 - 0x000000007b2f6000 	C:\Program Files\Matlab\R2013a\bin\win64\mcos.dll
0x0000000075ea0000 - 0x0000000075f02000 	C:\Program Files\Matlab\R2013a\bin\win64\libmwcholmod.dll
0x0000000004230000 - 0x000000000423d000 	C:\Program Files\Matlab\R2013a\bin\win64\libmwamd.dll
0x0000000073ce0000 - 0x0000000073d83000 	C:\Windows\WinSxS\amd64_microsoft.vc90.crt_1fc8b3b9a1e18e3b_9.0.30729.6161_none_08e61857a83bc251\MSVCR90.dll
0x0000000005120000 - 0x000000000512c000 	C:\Program Files\Matlab\R2013a\bin\win64\libmwcolamd.dll
0x000000007a290000 - 0x000000007a2a3000 	C:\Program Files\Matlab\R2013a\bin\win64\libmwblas.dll
0x000000007a310000 - 0x000000007a325000 	C:\Program Files\Matlab\R2013a\bin\win64\libmwbinder.dll
0x0000000005140000 - 0x000000000514b000 	C:\Program Files\Matlab\R2013a\bin\win64\libmwompwrapper.dll
0x0000000075820000 - 0x000000007589e000 	C:\Program Files\Matlab\R2013a\bin\win64\libmwlapack.dll
0x000000007a1b0000 - 0x000000007a1d0000 	C:\Program Files\Matlab\R2013a\bin\win64\m_pcodeio.dll
0x0000000079b10000 - 0x0000000079b6c000 	C:\Program Files\Matlab\R2013a\bin\win64\m_ir.dll
0x0000000078ed0000 - 0x0000000079579000 	C:\Program Files\Matlab\R2013a\bin\win64\m_parser.dll
0x000000007a2f0000 - 0x000000007a307000 	C:\Program Files\Matlab\R2013a\bin\win64\ir_xfmr.dll
0x0000000005150000 - 0x0000000005160000 	C:\Program Files\Matlab\R2013a\bin\win64\mtok.dll
0x000000007a130000 - 0x000000007a158000 	C:\Program Files\Matlab\R2013a\bin\win64\m_pcodegen.dll
0x0000000079fb0000 - 0x0000000079fdf000 	C:\Program Files\Matlab\R2013a\bin\win64\libmwbridge.dll
0x0000000074f40000 - 0x0000000074ff6000 	C:\Program Files\Matlab\R2013a\bin\win64\udd.dll
0x0000000005160000 - 0x00000000052ae000 	C:\Program Files\Matlab\R2013a\bin\win64\libmwgui.dll
0x000000007a1d0000 - 0x000000007a1f4000 	C:\Program Files\Matlab\R2013a\bin\win64\graphics_util.dll
0x000007feeabc0000 - 0x000007feeac78000 	C:\Program Files\Matlab\R2013a\bin\win64\libtex_base.dll
0x00000000052b0000 - 0x0000000005bf3000 	C:\Program Files\Matlab\R2013a\bin\win64\hg.dll
0x0000000076100000 - 0x000000007615a000 	C:\Program Files\Matlab\R2013a\bin\win64\libmat.dll
0x0000000072d30000 - 0x0000000072f38000 	C:\Program Files\Matlab\R2013a\bin\win64\hdf5dll.dll
0x0000000075710000 - 0x00000000757d8000 	C:\Program Files\Matlab\R2013a\bin\win64\jmi.dll
0x0000000005c10000 - 0x0000000005c1e000 	C:\Program Files\Matlab\R2013a\bin\win64\nativejava_services.dll
0x0000000005c20000 - 0x0000000005c60000 	C:\Program Files\Matlab\R2013a\bin\win64\libmwhardcopy.dll
0x0000000075c70000 - 0x0000000075cce000 	C:\Program Files\Matlab\R2013a\bin\win64\libuij.dll
0x0000000072f50000 - 0x000000007318f000 	C:\Program Files\Matlab\R2013a\bin\win64\hgdatatypes.dll
0x0000000005c60000 - 0x0000000005d4b000 	C:\Program Files\Matlab\R2013a\bin\win64\hgutils.dll
0x0000000005d50000 - 0x0000000005dfe000 	C:\Program Files\Matlab\R2013a\bin\win64\udd_mi.dll
0x0000000005e00000 - 0x0000000005e36000 	C:\Program Files\Matlab\R2013a\bin\win64\libmwgbtutils.dll
0x0000000005e40000 - 0x0000000005e54000 	C:\Program Files\Matlab\R2013a\bin\win64\libmwgbt.dll
0x0000000005e60000 - 0x000000000612e000 	C:\Program Files\Matlab\R2013a\bin\win64\uiw.dll
0x0000000006130000 - 0x0000000006139000 	C:\Program Files\Matlab\R2013a\bin\win64\uinone.dll
0x0000000006140000 - 0x0000000006166000 	C:\Program Files\Matlab\R2013a\bin\win64\libmwnativefiledialogs.dll
0x0000000006170000 - 0x000000000617c000 	C:\Program Files\Matlab\R2013a\bin\win64\libmwplatform_res.dll
0x000007fef99a0000 - 0x000007fef99b8000 	C:\Windows\system32\MPR.dll
0x0000000063330000 - 0x000000006388d000 	C:\Program Files\Matlab\R2013a\bin\win64\mfc100.dll
0x000007fef78e0000 - 0x000007fef78e7000 	C:\Windows\system32\MSIMG32.dll
0x000007fef82f0000 - 0x000007fef8361000 	C:\Windows\system32\WINSPOOL.DRV
0x0000000006180000 - 0x000000000619d000 	C:\Program Files\Matlab\R2013a\bin\win64\mwoles05.DLL
0x00000000061a0000 - 0x000000000620c000 	C:\Program Files\Matlab\R2013a\bin\win64\comcli.dll
0x0000000064f50000 - 0x0000000064f7b000 	C:\Program Files\Matlab\R2013a\bin\win64\ATL100.DLL
0x0000000006210000 - 0x000000000621c000 	C:\Program Files\Matlab\R2013a\bin\win64\mlautoregister.dll
0x0000000006220000 - 0x0000000006376000 	C:\Program Files\Matlab\R2013a\bin\win64\mvm.dll
0x000007fefda60000 - 0x000007fefda8e000 	C:\Windows\system32\IMM32.DLL
0x000007fefd8b0000 - 0x000007fefd9b9000 	C:\Windows\system32\MSCTF.dll
0x000007fefb8b0000 - 0x000007fefb906000 	C:\Windows\system32\UxTheme.dll
0x000007fefb0b0000 - 0x000007fefb0c8000 	C:\Windows\system32\dwmapi.dll
0x0000000072900000 - 0x000000007290d000 	C:\Program Files\Matlab\R2013a\bin\win64\MFC100ENU.DLL
0x00000000064b0000 - 0x00000000064fe000 	C:\Program Files\Matlab\R2013a\bin\win64\MVMLocal.dll
0x000007fefcfe0000 - 0x000007fefcfef000 	C:\Windows\system32\profapi.dll

VM Arguments:
jvm_args: -XX:PermSize=32m -Xms64m -XX:NewRatio=3 -XX:MaxPermSize=128m -Xmx196m -XX:MaxDirectMemorySize=2147400000 -Dsun.java2d.noddraw=true -Dsun.awt.nopixfmt=true -Xshare:off -Xrs -Dsun.awt.disableMixing=true -Djava.library.path=C:\Program Files\Matlab\R2013a\bin\win64;C:\Program Files\Matlab\R2013a\sys\jxbrowser\win64\lib vfprintf abort -XX:ParallelGCThreads=6 
java_command: <unknown>
Launcher Type: generic

Environment Variables:
PATH=C:\ProgramData\Oracle\Java\javapath;C:\Windows\system32;C:\Windows;C:\Windows\System32\Wbem;C:\Program Files\MATLAB\R2013a\bin;C:\Windows\System32\WindowsPowerShell\v1.0\;C:\Program Files\TortoiseSVN\bin;C:\Windows\System32\WindowsPowerShell\v1.0\;C:\xparser-0.16.2;C:\MinGW\bin;C:\MinGW\msys\1.0\bin;C:\libmboard;c:\Python26
USERNAME=Iceace
OS=Windows_NT
PROCESSOR_IDENTIFIER=Intel64 Family 6 Model 30 Stepping 5, GenuineIntel



---------------  S Y S T E M  ---------------

OS: Windows 7 Build 7601 Service Pack 1

CPU:total 8 (8 cores per cpu, 2 threads per core) family 6 model 30 stepping 5, cmov, cx8, fxsr, mmx, sse, sse2, sse3, ssse3, sse4.1, sse4.2, ht

Memory: 4k page, physical 8379508k(5479084k free), swap 16757180k(13709600k free)

vm_info: Java HotSpot(TM) 64-Bit Server VM (14.3-b01) for windows-amd64 JRE (1.6.0_17-b04), built on Oct 11 2009 00:46:08 by "java_re" with MS VC++ 8.0

time: Mon Nov 16 23:42:17 2015
elapsed time: 349767 seconds

